{"level":"http","message":"0ed6eda0-779e-4e77-ad4d-a39e67985bf7 POST /seff-academy/v1.0/auth/login 400 135 3.234 ms","timestamp":"2023-11-05 05:51:31.936 PM"}
{"level":"http","message":"8f2ec76d-89aa-4cc4-a3b0-c56aa4b8c72d POST /seff-academy/v1.0/auth/login 400 83 1.075 ms","timestamp":"2023-11-05 05:52:05.594 PM"}
{"level":"http","message":"a447d82f-b39c-4277-8557-e7752f659a46 POST /seff-academy/v1.0/auth/login 500 43 1259.655 ms","timestamp":"2023-11-05 05:52:42.614 PM"}
{"level":"http","message":"8ce67130-ef4c-4fef-a8d5-a08b32b5d630 POST /seff-academy/v1.0/auth/login 404 43 11.041 ms","timestamp":"2023-11-05 05:53:37.931 PM"}
{"level":"http","message":"9700d1f4-54d5-46f3-bbcd-1b25593d60d7 POST /seff-academy/v1.0/auth/register 404 43 3.051 ms","timestamp":"2023-11-05 05:55:29.715 PM"}
{"level":"http","message":"921a6600-0576-4e8c-bdb5-268afa9bbceb POST /seff-academy/v1.0/auth/register 500 43 84.479 ms","timestamp":"2023-11-05 05:58:20.502 PM"}
{"level":"http","message":"3878cbbc-de9f-470d-97af-99fa07ead60e POST /seff-academy/v1.0/auth/register 201 72 397.806 ms","timestamp":"2023-11-05 05:58:54.987 PM"}
{"level":"http","message":"532abae8-7173-421a-91cb-e0f1c3b3e3a6 POST //seff-academy/v1.0/auth/regsiter 404 43 76.273 ms","timestamp":"2023-11-05 10:31:33.495 PM"}
{"level":"http","message":"ba73dd36-5907-4ad1-90de-55d0b3aea76e POST //seff-academy/v1.0/auth/regsiter 404 43 0.500 ms","timestamp":"2023-11-05 10:32:50.926 PM"}
{"level":"http","message":"809f349f-f8e2-400a-b1ab-49380e671f28 POST //seff-academy/v1.0/auth/register 404 43 0.391 ms","timestamp":"2023-11-05 10:33:31.465 PM"}
{"level":"http","message":"0ffc32dd-0ecc-4efe-a3ef-260f99082b21 GET //seff-academy/v1.0/auth/register 404 43 0.263 ms","timestamp":"2023-11-05 10:33:55.466 PM"}
{"level":"http","message":"2a1ae269-761e-4915-a4f8-92a479646deb POST /seff-academy/v1.0/auth/register 400 199 283.660 ms","timestamp":"2023-11-05 10:35:00.143 PM"}
{"level":"http","message":"9a37c734-0a88-44e6-b9b2-8930a8a04051 POST /seff-academy/v1.0/auth/register 201 72 452.061 ms","timestamp":"2023-11-05 10:35:22.042 PM"}
{"level":"http","message":"e8107233-52ef-4498-a875-d28d2b8e6a36 POST /seff-academy/v1.0/auth/login 200 328 458.147 ms","timestamp":"2023-11-05 10:36:08.913 PM"}
{"level":"http","message":"3b37eee9-855b-4ca1-8fe3-28d78c0d8912 POST /seff-academy/v1.0/auth/logout 200 16 0.454 ms","timestamp":"2023-11-05 10:37:09.449 PM"}
{"level":"http","message":"244cf072-6234-4ec2-9827-ee0f07869d19 POST /seff-academy/v1.0/auth/refresh-access-token 401 45 3.137 ms","timestamp":"2023-11-05 10:38:08.251 PM"}
{"level":"http","message":"034657b9-2700-43b5-890b-d1af5f47a63e POST /seff-academy/v1.0/auth/login 200 328 92.313 ms","timestamp":"2023-11-05 10:38:12.652 PM"}
{"level":"http","message":"d04b041c-f411-4cff-98d7-421fa1663b89 POST /seff-academy/v1.0/auth/refresh-access-token 500 43 33.552 ms","timestamp":"2023-11-05 10:38:14.670 PM"}
{"level":"http","message":"a169e10c-238a-4b8c-9ab8-89545a450987 POST /seff-academy/v1.0/auth/refresh-access-token 200 16 49.586 ms","timestamp":"2023-11-05 10:38:49.928 PM"}
{"level":"http","message":"0e032696-4f12-4608-a792-ca4d45a66123 POST /seff-academy/v1.0/auth/logout 200 16 0.939 ms","timestamp":"2023-11-05 10:38:59.154 PM"}
{"level":"http","message":"76533e6a-3ea0-4357-8202-8dadeb7d399b POST /seff-academy/v1.0/auth/logout 200 16 0.524 ms","timestamp":"2023-11-05 10:39:02.972 PM"}
{"level":"http","message":"6cfb0f08-04cf-4798-b9f4-ed113b7d82e0 POST /seff-academy/v1.0/auth/refresh-access-token 401 45 0.446 ms","timestamp":"2023-11-05 10:39:03.921 PM"}
{"level":"http","message":"789ed008-9d04-4a94-a642-82e3fa3517a1 GET /seff-academy/v1.0/users/get-all 401 45 5.057 ms","timestamp":"2023-11-05 11:11:55.657 PM"}
{"level":"http","message":"2eb13354-8edd-47a4-b6ca-b64b97a8029b POST /seff-academy/v1.0/auth/login 200 328 268.339 ms","timestamp":"2023-11-05 11:12:06.227 PM"}
{"level":"http","message":"2f52e062-9aa5-4f96-b74c-8fff863e4670 GET /seff-academy/v1.0/users/get-all 403 108 2.816 ms","timestamp":"2023-11-05 11:12:09.467 PM"}
{"level":"http","message":"0110d866-aae7-47f2-8a82-efbd2f6ca2b5 POST /seff-academy/v1.0/auth/login 200 326 79.994 ms","timestamp":"2023-11-05 11:13:00.888 PM"}
{"level":"http","message":"6421f93c-c0cf-4e12-acd9-73e414c2a51f GET /seff-academy/v1.0/users/get-all 200 383 289.461 ms","timestamp":"2023-11-05 11:13:06.594 PM"}
{"level":"http","message":"231fbea4-1e54-4d38-b513-69b9eb680dc3 POST /seff-academy/v1.0/auth/register 400 52 21.025 ms","timestamp":"2023-11-05 11:13:37.966 PM"}
{"level":"http","message":"b2887447-ae86-4fe2-b0c2-04e7eb3d68d9 POST /seff-academy/v1.0/auth/register 201 72 232.006 ms","timestamp":"2023-11-05 11:14:12.318 PM"}
{"level":"http","message":"e42d8233-dce6-42b7-9ba5-95bdfee9a5cc GET /seff-academy/v1.0/users/get-all 200 686 47.168 ms","timestamp":"2023-11-05 11:14:27.947 PM"}
{"level":"http","message":"6bf4f05b-94a8-4db0-b64c-0078fef03ef2 GET /seff-academy/v1.0/users/get-all 200 686 7.466 ms","timestamp":"2023-11-05 11:15:22.867 PM"}
{"level":"http","message":"6462d142-5362-4d11-9f29-ca42ac36bde6 GET /seff-academy/v1.0/users/get-one/654805a44eb044267862e815 200 326 17.186 ms","timestamp":"2023-11-05 11:15:29.436 PM"}
{"level":"http","message":"67c6d03e-5683-471a-8ceb-746617c181ad POST /seff-academy/v1.0/users/create-by-admin 400 429 2.498 ms","timestamp":"2023-11-05 11:16:26.007 PM"}
{"level":"http","message":"5aec57d3-7ddb-4bc7-a0e3-a7410baf4815 POST /seff-academy/v1.0/users/create-by-admin 400 77 1.889 ms","timestamp":"2023-11-05 11:18:01.943 PM"}
{"level":"http","message":"adf11ada-03f9-4f8e-a014-c14394babb7b POST /seff-academy/v1.0/users/create-by-admin 201 367 290.013 ms","timestamp":"2023-11-05 11:18:38.587 PM"}
{"level":"http","message":"48c3bbc0-371b-4dcd-a013-5ec8da52da11 POST /seff-academy/v1.0/users/update-by-admin/654806ae578fec93e707a439 404 43 22.882 ms","timestamp":"2023-11-05 11:19:42.589 PM"}
{"level":"http","message":"c5ff956f-f28f-49f4-9c6a-1a8adcd3d907 PATCH /seff-academy/v1.0/users/update-by-admin/654806ae578fec93e707a439 500 43 131.091 ms","timestamp":"2023-11-05 11:20:02.286 PM"}
{"level":"http","message":"6d7a1fb7-8a42-4dff-bf15-57bd887643d9 PATCH /seff-academy/v1.0/users/update-by-admin/654806ae578fec93e707a439 200 370 423.052 ms","timestamp":"2023-11-05 11:21:20.758 PM"}
{"level":"http","message":"9ac81560-9aeb-4a85-934f-09307803fc8b GET /seff-academy/v1.0/users/get-all 401 45 32.450 ms","timestamp":"2023-11-06 12:07:54.210 AM"}
{"level":"http","message":"0feed7a1-48e3-4f4c-bef0-05cec46d8f0a POST /seff-academy/v1.0/auth/login 200 326 256.854 ms","timestamp":"2023-11-06 12:08:00.565 AM"}
{"level":"http","message":"ae240cb0-d4f4-4e64-80f7-3a71d2da673c GET /seff-academy/v1.0/users/get-all 200 1033 28.250 ms","timestamp":"2023-11-06 12:08:04.783 AM"}
{"level":"http","message":"bd76c647-e2dd-4fd3-a1e0-ff26d49f37b2 GET /seff-academy/v1.0/users/get-one/654805a44eb044267862e815 200 326 18.424 ms","timestamp":"2023-11-06 12:10:04.944 AM"}
{"level":"http","message":"7900673d-17dc-4f33-9f53-530935c35049 POST /seff-academy/v1.0/users/create-by-admin 400 133 6.215 ms","timestamp":"2023-11-06 12:10:21.838 AM"}
{"level":"http","message":"ce4e6c6c-5be7-47a2-8c06-54bc553312aa POST /seff-academy/v1.0/users/create-by-admin 400 58 34.725 ms","timestamp":"2023-11-06 12:10:39.377 AM"}
{"level":"http","message":"0c459c70-5d3b-4c3f-ab62-60134164e746 POST /seff-academy/v1.0/users/create-by-admin 400 64 8.108 ms","timestamp":"2023-11-06 12:10:48.760 AM"}
{"level":"http","message":"e29251ce-d6b0-465f-be6c-924e18f69455 POST /seff-academy/v1.0/users/create-by-admin 201 367 152.810 ms","timestamp":"2023-11-06 12:10:54.774 AM"}
{"level":"http","message":"bd4bf518-c292-4d31-bf42-829059faa6e1 POST /seff-academy/v1.0/users/update-by-admin/654806ae578fec93e707a439 404 43 17.643 ms","timestamp":"2023-11-06 12:11:26.612 AM"}
{"level":"http","message":"8425aa53-3cf5-4313-b047-c1f0d950b651 PATCH /seff-academy/v1.0/users/update-by-admin/654806ae578fec93e707a439 400 59 9.045 ms","timestamp":"2023-11-06 12:11:32.899 AM"}
{"level":"http","message":"b3d3c27c-4d09-4eab-a5c8-6b13c1cde669 PATCH /seff-academy/v1.0/users/update-by-admin/654812ee6c1dcd59f65ec6f7 200 371 155.523 ms","timestamp":"2023-11-06 12:12:51.838 AM"}
{"level":"http","message":"0fda36ac-3ccb-41ef-b2df-feaf319ab986 PATCH /seff-academy/v1.0/users/update-profile 404 43 1.257 ms","timestamp":"2023-11-06 12:14:59.893 AM"}
{"level":"http","message":"eb67e622-e1f7-4e99-89f7-be6945ba8a1f PATCH /seff-academy/v1.0/users/update-profile 400 153 30.659 ms","timestamp":"2023-11-06 12:15:38.037 AM"}
{"level":"http","message":"25bb1f9a-faa5-4b78-8844-e850b0ea7ace PATCH /seff-academy/v1.0/users/update-profile/654812ee6c1dcd59f65ec6f7 403 60 24.747 ms","timestamp":"2023-11-06 12:17:29.243 AM"}
{"level":"http","message":"e6bf984e-9840-4540-89d8-a44b32fd1f3d POST /seff-academy/v1.0/auth/login 200 326 129.156 ms","timestamp":"2023-11-06 12:17:42.473 AM"}
{"level":"http","message":"ec336502-003a-46e8-b39d-f55f6b2f9b26 PATCH /seff-academy/v1.0/users/update-profile/6547fc89c5abdc4807128bf8 400 64 13.348 ms","timestamp":"2023-11-06 12:17:52.224 AM"}
{"level":"http","message":"665b79e1-f28b-4ab9-8794-7eb53bf6328e PATCH /seff-academy/v1.0/users/update-profile/6547fc89c5abdc4807128bf8 400 64 53.673 ms","timestamp":"2023-11-06 12:18:43.298 AM"}
{"level":"http","message":"3ea498d1-f87c-4f23-aaf1-ce33f7c573dd PATCH /seff-academy/v1.0/users/update-profile/6547fc89c5abdc4807128bf8 500 43 71.459 ms","timestamp":"2023-11-06 12:19:30.514 AM"}
{"level":"http","message":"6756fa02-0902-4709-afe6-f322ba20f639 PATCH /seff-academy/v1.0/users/update-profile/6547fc89c5abdc4807128bf8 200 429 75.231 ms","timestamp":"2023-11-06 12:20:39.782 AM"}
{"level":"http","message":"b3c905cb-cb61-4124-96a1-6a28fb79ddf5 PATCH /seff-academy/v1.0/users/update-profile/6547fc89c5abdc4807128bf8 200 429 40.961 ms","timestamp":"2023-11-06 12:21:02.273 AM"}
{"level":"http","message":"0893475c-a879-488a-b088-c3663f2d1220 PATCH /seff-academy/v1.0/users/update-profile/6547fc89c5abdc4807128bf8 500 43 17.731 ms","timestamp":"2023-11-06 12:21:42.270 AM"}
{"level":"http","message":"3b7210f3-e307-49aa-a26a-35634942b023 PATCH /seff-academy/v1.0/users/update-profile/6547fc89c5abdc4807128bf8 400 64 114.187 ms","timestamp":"2023-11-06 12:22:16.131 AM"}
{"level":"http","message":"3efa6af8-a58f-4c63-bc9b-c50509bc469d PATCH /seff-academy/v1.0/users/update-profile/6547fc89c5abdc4807128bf8 200 457 35.321 ms","timestamp":"2023-11-06 12:22:21.443 AM"}
{"level":"http","message":"db603e12-1de8-4415-ac16-e7ccdb585dd1 PATCH /seff-academy/v1.0/users/update-profile/6547fc89c5abdc4807128bf8 200 457 28.397 ms","timestamp":"2023-11-06 12:23:30.411 AM"}
{"level":"http","message":"4c5d3a62-78a7-4ca6-9b7b-ca75b4f7b84c PATCH /seff-academy/v1.0/users/update-profile/6547fc89c5abdc4807128bf8 200 457 24.513 ms","timestamp":"2023-11-06 12:24:00.805 AM"}
{"level":"http","message":"aed803d7-492e-442d-bb99-a681d84eaddb PATCH /seff-academy/v1.0/users/update-profile/6547fc89c5abdc4807128bf8 200 457 49.197 ms","timestamp":"2023-11-06 12:24:06.505 AM"}
{"level":"http","message":"8bdec2cc-f414-4c03-9abb-c62432faa872 PATCH /seff-academy/v1.0/users/update-profile/6547fc89c5abdc4807128bf8 200 457 22.157 ms","timestamp":"2023-11-06 12:24:11.959 AM"}
{"level":"http","message":"0ccb89b7-4065-41a8-9c2f-ea90e2edab81 DELETE /seff-academy/v1.0/users/delete-user/6547fc89c5abdc4807128bf8 200 50 13.919 ms","timestamp":"2023-11-06 12:24:51.337 AM"}
{"level":"http","message":"ca0ec28e-53b2-48c5-a873-ece962c97e60 DELETE /seff-academy/v1.0/users/delete-user/6547fc89c5abdc4807128bf8 404 43 10.466 ms","timestamp":"2023-11-06 12:24:56.130 AM"}
{"level":"http","message":"1fa779ee-3f3e-4029-b01d-4a54fa38ee84 GET /seff-academy/v1.0/users/current-user 404 43 1.503 ms","timestamp":"2023-11-06 12:25:23.751 AM"}
{"level":"http","message":"1995bc0c-5743-40f8-ac45-3092f6d15c51 POST /seff-academy/v1.0/users/current-user 404 43 8.278 ms","timestamp":"2023-11-06 12:25:37.470 AM"}
{"level":"http","message":"aec1a158-331b-44f8-a5e0-55718724a1f8 POST /seff-academy/v1.0/auth/login 404 43 4.954 ms","timestamp":"2023-11-06 12:25:42.849 AM"}
{"level":"http","message":"50409266-adeb-4a8f-8fa6-96baea2e68bc POST /seff-academy/v1.0/auth/login 200 324 118.453 ms","timestamp":"2023-11-06 12:26:20.519 AM"}
{"level":"http","message":"a81d2775-8502-4c8d-b43a-5d36bf5fad1a GET /seff-academy/v1.0/users/get-one/654805a44eb044267862e815 200 324 6.076 ms","timestamp":"2023-11-06 12:26:26.107 AM"}
{"level":"http","message":"545fa0f3-f206-4bad-81c0-bedff43d9506 GET /seff-academy/v1.0/users/get-all 200 1076 185.170 ms","timestamp":"2023-11-06 12:49:46.432 AM"}
{"level":"http","message":"456706a2-45ff-41f6-8abb-802f3bdb42e8 POST /seff-academy/v1.0/auth/login 400 135 6.369 ms","timestamp":"2023-11-06 12:52:38.802 AM"}
{"level":"http","message":"53616e78-ca15-4ea7-a9b7-e3d4ffeba8ac POST /seff-academy/v1.0/auth/login 400 83 2.519 ms","timestamp":"2023-11-06 12:52:56.941 AM"}
{"level":"http","message":"f10c6c9d-03b4-4de7-a0c8-11f7fb291fb4 GET / 500 43 22.107 ms","timestamp":"2023-11-06 12:55:00.726 AM"}
{"level":"http","message":"c9081573-8722-45bf-869a-6d1f5a4f12bc GET /jklkl 404 43 4.350 ms","timestamp":"2023-11-06 01:00:15.311 AM"}
{"level":"http","message":"68ab643c-d925-43d5-87d5-615702ec8cdf POST /seff-academy/v1.0/auth/login 200 324 286.178 ms","timestamp":"2023-11-06 01:03:23.372 AM"}
{"level":"http","message":"f39f3783-ef7c-466b-ae18-8be56bf7bb99 POST /seff-academy/v1.0/courses/ 401 45 6.500 ms","timestamp":"2023-11-06 04:09:33.037 AM"}
{"level":"http","message":"84577f4a-9d44-4ab2-a565-ca53d5d315b1 POST /seff-academy/v1.0/auth/register 201 72 122.812 ms","timestamp":"2023-11-06 04:10:15.926 AM"}
{"level":"http","message":"8a83dff0-5851-47ae-a511-2c8aa3ac5a58 POST /seff-academy/v1.0/auth/login 404 43 5.165 ms","timestamp":"2023-11-06 04:10:30.030 AM"}
{"level":"http","message":"6c82703e-cec9-473b-8929-34e8cc92f77d POST /seff-academy/v1.0/auth/login 200 326 88.922 ms","timestamp":"2023-11-06 04:11:08.676 AM"}
{"level":"http","message":"e7bcaafb-ca62-4fa0-a600-132bfecddb5c POST /seff-academy/v1.0/auth/login 200 329 85.003 ms","timestamp":"2023-11-06 04:13:06.703 AM"}
{"level":"http","message":"04ddd372-3d6e-4024-8cfe-bd34dfe3947d POST /seff-academy/v1.0/auth/login 200 324 86.929 ms","timestamp":"2023-11-06 04:14:11.721 AM"}
{"level":"http","message":"c0e44bf2-89ea-449d-adb2-d8cf8947b93a POST /seff-academy/v1.0/courses/ 403 108 3.969 ms","timestamp":"2023-11-06 04:14:30.799 AM"}
{"level":"http","message":"87293cc7-7fa8-4b07-b444-5632146e140d POST /seff-academy/v1.0/auth/logout 200 16 0.672 ms","timestamp":"2023-11-06 04:15:15.706 AM"}
{"level":"http","message":"79d207d2-5fff-4550-80f7-ac61c7105f8c POST /seff-academy/v1.0/auth/login 200 324 83.918 ms","timestamp":"2023-11-06 04:15:35.082 AM"}
{"level":"http","message":"61eedf42-b345-419c-8d90-2b7e7a80cfb5 GET /seff-academy/v1.0/courses/ 403 108 2.301 ms","timestamp":"2023-11-06 04:15:56.670 AM"}
{"level":"http","message":"8f7c36a7-56af-4d1e-a760-cbfc4317e8bc POST /seff-academy/v1.0/auth/login 200 324 103.200 ms","timestamp":"2023-11-06 04:16:39.789 AM"}
{"level":"http","message":"facb90bb-cfa5-4df1-b636-8671e72e2563 POST /seff-academy/v1.0/auth/login 200 324 89.440 ms","timestamp":"2023-11-06 04:17:49.522 AM"}
{"level":"http","message":"e5bd83f6-7359-4424-a02f-49a2f82b18c9 POST /seff-academy/v1.0/auth/login 200 324 86.822 ms","timestamp":"2023-11-06 04:18:25.411 AM"}
{"level":"http","message":"0fca6685-8aff-4000-8b49-cdf2df8952c2 GET /seff-academy/v1.0/courses/ - - - ms","timestamp":"2023-11-06 04:19:06.303 AM"}
{"level":"http","message":"896ce79f-a2de-4b40-acb4-094e63c8b69d GET /seff-academy/v1.0/courses/ - - - ms","timestamp":"2023-11-06 04:19:16.489 AM"}
{"level":"http","message":"b9153f23-9c4a-45b7-a6f2-4e699e14ff63 GET /seff-academy/v1.0/courses/ 200 2 15.135 ms","timestamp":"2023-11-06 04:20:02.805 AM"}
{"level":"http","message":"5ebd7960-3c23-44ee-845a-3ecd5275ff2c POST /seff-academy/v1.0/courses/ 400 530 3.028 ms","timestamp":"2023-11-06 04:20:12.142 AM"}
{"level":"http","message":"9f07c16a-ed1c-40e8-b539-941e3464f088 POST /seff-academy/v1.0/courses/ 400 530 8.136 ms","timestamp":"2023-11-06 04:24:42.960 AM"}
{"level":"http","message":"e4cccf40-ca41-4e7f-aa44-cfd9f90b9eea POST /seff-academy/v1.0/courses/ 400 530 1.817 ms","timestamp":"2023-11-06 04:24:50.421 AM"}
{"level":"http","message":"deb2c653-7b40-4ab3-bba5-ae089db0097f POST /seff-academy/v1.0/courses/ 400 281 2.779 ms","timestamp":"2023-11-06 04:24:57.159 AM"}
{"level":"http","message":"543e482d-29f2-4c09-aefe-103334dbb07a POST /seff-academy/v1.0/courses/ 400 158 3.091 ms","timestamp":"2023-11-06 04:27:02.528 AM"}
{"level":"http","message":"8fa31f8a-8d22-4b27-a4da-7702f04d4f64 POST /seff-academy/v1.0/courses/ 400 99 1.260 ms","timestamp":"2023-11-06 04:28:18.309 AM"}
{"level":"http","message":"a43e367a-0364-4ce3-a5cb-042a453dc8c9 POST /seff-academy/v1.0/courses/ 201 353 26.435 ms","timestamp":"2023-11-06 04:28:51.334 AM"}
{"level":"http","message":"cc17c3b9-c9ca-45c0-a1a6-d3bd55cb94b7 GET /seff-academy/v1.0/courses/ 200 300 11.499 ms","timestamp":"2023-11-06 04:29:08.819 AM"}
{"level":"http","message":"0e72b213-da2a-4108-9623-a78f0fbcbc0d GET /seff-academy/v1.0/courses/65484f63765c3bb73404962d - - - ms","timestamp":"2023-11-06 04:29:32.661 AM"}
{"level":"http","message":"e76bc2b2-4492-42dd-a2ff-f1fa6e4685f3 GET /seff-academy/v1.0/courses/65484f63765c3bb73404962d 200 322 22.564 ms","timestamp":"2023-11-06 04:32:11.384 AM"}
{"level":"http","message":"cb771b10-2cb8-4065-bfa4-3664da5bc31f GET /seff-academy/v1.0/courses/65484f63765c3bb73404962b - - - ms","timestamp":"2023-11-06 04:32:48.521 AM"}
{"level":"http","message":"984ad81c-e84f-4f85-9fed-aa6a68ac37bd GET /seff-academy/v1.0/courses/65484f63765c3bb73404962b - - - ms","timestamp":"2023-11-06 04:32:53.426 AM"}
{"level":"http","message":"14c916a8-108a-4c35-bdc4-d846c941a540 GET /seff-academy/v1.0/courses/65484f63765c3bb73404962b 500 43 27.104 ms","timestamp":"2023-11-06 04:34:17.806 AM"}
{"level":"http","message":"c01ebcdc-c3f6-40c3-bb22-8fbf09978264 GET /seff-academy/v1.0/courses/65484f63765c3bb73404962b 500 43 22.429 ms","timestamp":"2023-11-06 04:37:19.218 AM"}
{"level":"http","message":"2d892e47-f225-44d1-a13a-65733a0a98bf GET /seff-academy/v1.0/courses/65484f63765c3bb73404962b 500 43 26.274 ms","timestamp":"2023-11-06 04:39:33.209 AM"}
{"level":"http","message":"209c4c54-ed3c-40a1-82d8-8655c328a8c1 GET /seff-academy/v1.0/courses/65484f63765c3bb73404962b 500 43 30.878 ms","timestamp":"2023-11-06 04:40:55.320 AM"}
{"level":"http","message":"345a2a7e-d1af-4da3-b1dc-8fdce4fcc58b GET /seff-academy/v1.0/courses/65484f63765c3bb73404962b 500 43 30.197 ms","timestamp":"2023-11-06 04:42:06.600 AM"}
{"level":"http","message":"df3df9ad-dfd9-422e-a2a0-481162bf81b9 GET /seff-academy/v1.0/courses/65484f63765c3bb73404962b 500 49 32.388 ms","timestamp":"2023-11-06 04:42:59.153 AM"}
{"level":"http","message":"57a8f3cc-0b0f-4db3-8f07-efec9e31afd9 GET /seff-academy/v1.0/courses/65484f63765c3bb73404962d 200 322 13.306 ms","timestamp":"2023-11-06 04:44:04.729 AM"}
{"level":"http","message":"faa5d1f0-c555-456d-9d98-f49e700d97d3 PATCH /seff-academy/v1.0/courses/6547fc89c5abdc4807128bf8 400 530 6.887 ms","timestamp":"2023-11-06 04:51:21.322 AM"}
{"level":"http","message":"fc0f9635-67cb-4ffd-9b55-a8f173135748 PATCH /seff-academy/v1.0/courses/6547fc89c5abdc4807128bf8 400 249 3.460 ms","timestamp":"2023-11-06 04:53:13.082 AM"}
{"level":"http","message":"0433826a-e7c1-47fa-b282-890b68de134b PATCH /seff-academy/v1.0/courses/6547fc89c5abdc4807128bf8 400 249 11.460 ms","timestamp":"2023-11-06 04:53:59.024 AM"}
{"level":"http","message":"27a83529-18bf-4fd4-a0fc-5379d1032fb5 PATCH /seff-academy/v1.0/courses/65484f63765c3bb73404962d 400 249 2.114 ms","timestamp":"2023-11-06 04:54:26.548 AM"}
{"level":"http","message":"bad2c70e-4e5b-4bb4-9347-b5737b4c7bed PATCH /seff-academy/v1.0/courses/65484f63765c3bb73404962d 400 119 2.605 ms","timestamp":"2023-11-06 04:58:57.056 AM"}
{"level":"http","message":"87451b0a-a1e1-4990-a236-ba8e67a263b2 PATCH /seff-academy/v1.0/courses/65484f63765c3bb73404962d 500 61 39.795 ms","timestamp":"2023-11-06 04:59:08.951 AM"}
{"level":"http","message":"44b1a7f0-9872-4099-a194-ce5c9b5f1427 PATCH /seff-academy/v1.0/courses/65484f63765c3bb73404962d 200 360 41.108 ms","timestamp":"2023-11-06 04:59:30.316 AM"}
{"level":"http","message":"72289847-4bc0-4242-ad28-3ddbfd17bf20 GET /seff-academy/v1.0/courses/ 403 108 6.775 ms","timestamp":"2023-11-06 05:01:44.124 AM"}
{"level":"http","message":"5740039c-c0fe-40e8-9ac9-1c94e108a1cd GET /seff-academy/v1.0/courses/ 403 108 3.603 ms","timestamp":"2023-11-06 05:03:41.147 AM"}
{"level":"http","message":"13fbeb43-9b20-4ede-a285-60d5a099aaf2 GET /seff-academy/v1.0/courses/ 403 108 1.887 ms","timestamp":"2023-11-06 05:03:42.549 AM"}
{"level":"http","message":"74926662-d392-4146-97c1-7daa1f4cc195 POST /seff-academy/v1.0/auth/login 200 324 100.379 ms","timestamp":"2023-11-06 05:03:51.696 AM"}
{"level":"http","message":"879aa2ca-f414-4535-97c2-43e6fe55ad78 GET /seff-academy/v1.0/courses/ 200 298 8.723 ms","timestamp":"2023-11-06 05:03:58.312 AM"}
{"level":"http","message":"6a9f4be8-6239-4e3d-9a6a-82f95ee2f83c GET /seff-academy/v1.0/users/get-all 200 381 21.387 ms","timestamp":"2023-11-06 05:04:15.424 AM"}
{"level":"http","message":"980f1e44-b7f1-4567-9416-e6dfa19ff78b POST /seff-academy/v1.0/auth/register 201 72 102.485 ms","timestamp":"2023-11-06 05:05:08.660 AM"}
{"level":"http","message":"49dc80e3-6750-4bbe-9a91-68d2ba59864e POST /seff-academy/v1.0/auth/login 200 331 88.448 ms","timestamp":"2023-11-06 05:06:48.238 AM"}
{"level":"http","message":"9bcb0806-c4c9-4920-b617-2d37143e02ec GET /seff-academy/v1.0/courses/ 403 108 3.057 ms","timestamp":"2023-11-06 05:06:57.955 AM"}
{"level":"http","message":"3a7434fa-ba50-4101-ab4b-1f3df4b36526 GET /seff-academy/v1.0/courses/ 403 108 1.598 ms","timestamp":"2023-11-06 05:07:00.477 AM"}
{"level":"http","message":"363ebec7-a3e8-43eb-8d4c-f54982b85b4b POST /seff-academy/v1.0/auth/logout 200 16 0.943 ms","timestamp":"2023-11-06 05:07:08.380 AM"}
{"level":"http","message":"b0961a69-7ef4-4e47-aa2a-b57e97d054d9 POST /seff-academy/v1.0/auth/login 200 331 87.539 ms","timestamp":"2023-11-06 05:07:12.249 AM"}
{"level":"http","message":"79731c17-c26a-4c7f-be3b-dd209edfe629 GET /seff-academy/v1.0/courses/ 403 108 1.901 ms","timestamp":"2023-11-06 05:07:19.914 AM"}
{"level":"http","message":"c177ffbf-fb6d-4ffd-92c9-7226da14d37c GET /seff-academy/v1.0/courses/65484f63765c3bb73404962d 403 108 1.567 ms","timestamp":"2023-11-06 05:07:23.271 AM"}
{"level":"http","message":"5a37ac5c-a99e-4569-8e06-cfb33c7827c7 GET /seff-academy/v1.0/courses/65484f63765c3bb73404962d 200 320 29.382 ms","timestamp":"2023-11-06 05:08:17.046 AM"}
{"level":"http","message":"bed9f9df-6f8d-48ed-bedc-51e00df1fee9 POST /seff-academy/v1.0/auth/logout 200 16 1.812 ms","timestamp":"2023-11-06 05:08:35.838 AM"}
{"level":"http","message":"e070364e-b4ac-42d6-938d-f8177b35fb7d POST /seff-academy/v1.0/auth/login 200 324 91.906 ms","timestamp":"2023-11-06 05:09:29.804 AM"}
{"level":"http","message":"edf63cff-0c83-469e-b7de-096bb516612b GET /seff-academy/v1.0/courses/ 403 108 3.090 ms","timestamp":"2023-11-06 05:09:38.978 AM"}
{"level":"http","message":"b3329bd1-66c5-4d70-a04a-2d3602ca4b44 GET /seff-academy/v1.0/courses/ 403 108 2.898 ms","timestamp":"2023-11-06 05:09:40.194 AM"}
{"level":"http","message":"d8e7dd84-d4df-4b74-a469-d64b99688ce2 GET /seff-academy/v1.0/courses/ 403 108 2.884 ms","timestamp":"2023-11-06 05:09:41.079 AM"}
{"level":"http","message":"1338e094-6c13-437c-9621-a902d17ae4ee GET /seff-academy/v1.0/courses/ 403 108 2.117 ms","timestamp":"2023-11-06 05:09:41.873 AM"}
{"level":"http","message":"1e57393a-7ac3-4635-a94f-d1e03cfbcbd8 POST /seff-academy/v1.0/auth/register 201 72 179.713 ms","timestamp":"2023-11-09 05:26:52.387 PM"}
{"level":"http","message":"5c1cf7a9-46fc-4c4a-9e5e-e2530bb9b33c POST /seff-academy/v1.0/auth/login 404 43 3.004 ms","timestamp":"2023-11-09 05:27:03.088 PM"}
{"level":"http","message":"9a1e3418-db3c-4a92-8da9-94cfcbab18d6 GET /seff-academy/v1.0/users/get-all 401 45 1.277 ms","timestamp":"2023-11-09 05:27:24.959 PM"}
{"level":"http","message":"3ad6c33b-d9d4-4dab-834b-98589a4d63bf POST /seff-academy/v1.0/auth/login 404 43 230.303 ms","timestamp":"2023-11-14 12:12:59.467 AM"}
{"level":"http","message":"2a822e1c-f5c8-4b5a-9e0f-64966c1d1bbe POST /seff-academy/v1.0/auth/register 201 72 246.996 ms","timestamp":"2023-11-14 12:13:03.331 AM"}
{"level":"http","message":"367d7b77-9624-447d-b1e0-1d097cb5385b POST /seff-academy/v1.0/auth/login 404 43 2.234 ms","timestamp":"2023-11-14 12:13:20.791 AM"}
{"level":"http","message":"bb2dffaa-bd0b-4bcb-a73e-cf4b65fbc7c1 POST /seff-academy/v1.0/users/create-by-admin 401 45 0.447 ms","timestamp":"2023-11-14 12:13:39.197 AM"}
{"level":"http","message":"8e7cd4ad-e002-473c-a3cc-9db99add5ddd POST /seff-academy/v1.0/users/create-by-admin 401 45 0.451 ms","timestamp":"2023-11-14 12:13:55.091 AM"}
{"level":"http","message":"146702cf-cab5-497b-aca5-92b296557aee POST /seff-academy/v1.0/users/create-by-admin 401 45 0.220 ms","timestamp":"2023-11-14 12:15:11.488 AM"}
{"level":"http","message":"0d68751e-e424-422a-9da3-d32bf589177c POST /seff-academy/v1.0/auth/login 404 43 130.476 ms","timestamp":"2023-11-14 12:15:42.132 AM"}
{"level":"http","message":"c32fc799-b633-41d2-83a2-85c319b54d8e POST /seff-academy/v1.0/auth/login 200 326 86.317 ms","timestamp":"2023-11-14 12:16:33.754 AM"}
{"level":"http","message":"d714b138-51c2-4636-a891-93203ca9aa01 GET /seff-academy/v1.0/users/get-all 403 108 1.861 ms","timestamp":"2023-11-14 12:16:42.319 AM"}
{"level":"http","message":"4d50a75f-f295-4e10-afbf-4477616eb603 GET /seff-academy/v1.0/users/get-all 403 108 1.255 ms","timestamp":"2023-11-14 12:17:02.242 AM"}
{"level":"http","message":"f7afb6b6-98b6-4017-9547-fbcb60f7d0f0 GET /seff-academy/v1.0/users/get-all 403 108 0.995 ms","timestamp":"2023-11-14 12:17:03.358 AM"}
{"level":"http","message":"8a6b945d-1c9a-4afd-a9fe-0c68c3d2e33b GET /seff-academy/v1.0/users/get-all 403 108 1.835 ms","timestamp":"2023-11-14 12:17:07.431 AM"}
{"level":"http","message":"b6acbaf9-1dc9-4944-b8ed-f3e77364440e GET /seff-academy/v1.0/users/get-all 403 108 0.974 ms","timestamp":"2023-11-14 12:19:01.924 AM"}
{"level":"http","message":"b321137f-7b9b-4630-8476-5b6ac292e454 GET /seff-academy/v1.0/users/get-one/654805a44eb044267862e815 403 108 1.236 ms","timestamp":"2023-11-14 12:19:07.099 AM"}
{"level":"http","message":"87f1fb94-fb90-4989-82ee-d1de43f99690 POST /seff-academy/v1.0/users/create-by-admin 403 108 1.071 ms","timestamp":"2023-11-14 12:19:11.810 AM"}
{"level":"http","message":"157c48a7-a8eb-4e54-b0d4-bbcff9b454fd POST /seff-academy/v1.0/users/create-by-admin 403 108 1.048 ms","timestamp":"2023-11-14 12:19:23.262 AM"}
{"level":"http","message":"d6d01063-b501-4b41-81fc-5b7138f8450a POST /seff-academy/v1.0/users/create-job 404 43 2.859 ms","timestamp":"2023-11-14 12:36:09.790 AM"}
{"level":"http","message":"66b0414d-4ffb-4c37-946a-8489aec5899d POST /seff-academy/v1.0/jobs/create-job 400 847 5.752 ms","timestamp":"2023-11-14 12:36:20.567 AM"}
{"level":"http","message":"cdc4eb4d-ba48-40bb-8d71-a571057df4d1 POST /seff-academy/v1.0/jobs/create-job 401 45 2.657 ms","timestamp":"2023-11-14 12:47:06.013 AM"}
{"level":"http","message":"e7e3e361-4ec2-4a93-b1d2-59f9c2c59ed7 POST /seff-academy/v1.0/auth/login 200 324 111.293 ms","timestamp":"2023-11-14 12:47:16.117 AM"}
{"level":"http","message":"12f03e61-c7c5-4c9d-88b0-d1e07c83006b POST /seff-academy/v1.0/jobs/create-job 400 847 7.910 ms","timestamp":"2023-11-14 12:47:19.207 AM"}
{"level":"http","message":"3747fc1b-b63c-4bc6-89e3-ba55b850210a POST /seff-academy/v1.0/jobs/create-job 400 961 3.355 ms","timestamp":"2023-11-14 12:50:52.822 AM"}
{"level":"http","message":"c42ea08d-e105-4368-a87c-3837b6ac9490 POST /seff-academy/v1.0/jobs/create-job 400 755 1.449 ms","timestamp":"2023-11-14 12:51:17.408 AM"}
{"level":"http","message":"865215c7-5e1e-4c82-a58b-2a7c1c363a33 POST /seff-academy/v1.0/jobs/create-job 400 671 1.300 ms","timestamp":"2023-11-14 12:51:35.292 AM"}
{"level":"http","message":"d10f2493-7009-4831-b0f6-191d716a3bcf POST /seff-academy/v1.0/jobs/create-job 400 671 1.890 ms","timestamp":"2023-11-14 12:51:49.260 AM"}
{"level":"http","message":"c6c775c7-0ab7-49ee-a323-03edeb12010f POST /seff-academy/v1.0/jobs/create-job 400 671 2.369 ms","timestamp":"2023-11-14 12:51:53.842 AM"}
{"level":"http","message":"4e9afc41-e32f-4157-9713-b9545e92c6cb POST /seff-academy/v1.0/jobs/create-job 400 601 2.509 ms","timestamp":"2023-11-14 12:52:04.114 AM"}
{"level":"http","message":"a7b9b269-8e0c-4738-8d42-4aa61247c0bd POST /seff-academy/v1.0/jobs/create-job 400 506 1.855 ms","timestamp":"2023-11-14 12:52:12.493 AM"}
{"level":"http","message":"026d7d44-cdb7-4f59-a969-502930c9d6b2 POST /seff-academy/v1.0/jobs/create-job 400 506 3.113 ms","timestamp":"2023-11-14 12:52:22.290 AM"}
{"level":"http","message":"1616c5ab-1501-452e-9160-26b6381dfada POST /seff-academy/v1.0/jobs/create-job 400 506 3.122 ms","timestamp":"2023-11-14 12:52:35.658 AM"}
{"level":"http","message":"fa80b023-7c4d-4f69-a4da-c68329ac3c2b POST /seff-academy/v1.0/jobs/create-job 400 432 2.647 ms","timestamp":"2023-11-14 12:52:48.186 AM"}
{"level":"http","message":"37438aba-1dfe-4531-9836-6af26e78dfe2 POST /seff-academy/v1.0/jobs/create-job 400 432 1.561 ms","timestamp":"2023-11-14 12:52:58.666 AM"}
{"level":"http","message":"39040191-7933-418f-9f02-b8f0c3f50673 POST /seff-academy/v1.0/jobs/create-job 400 200 1.206 ms","timestamp":"2023-11-14 12:53:29.627 AM"}
{"level":"http","message":"f2546a74-2f17-4e2f-b9a0-44a088dcb3fd POST /seff-academy/v1.0/jobs/create-job 400 105 1.202 ms","timestamp":"2023-11-14 12:53:37.746 AM"}
{"level":"http","message":"eba1b63a-b5d5-4dc0-9d05-a8c28b06ac8f POST /seff-academy/v1.0/jobs/create-job 400 101 1.176 ms","timestamp":"2023-11-14 12:54:00.351 AM"}
{"level":"http","message":"9c3a0265-b527-4672-a5fb-227d217f96ed POST /seff-academy/v1.0/jobs/create-job 500 43 1514.349 ms","timestamp":"2023-11-14 12:54:32.698 AM"}
{"level":"http","message":"ed44bd1d-dcf5-4284-ae08-1fb1104118d4 POST /seff-academy/v1.0/jobs/create-job 200 579 10.470 ms","timestamp":"2023-11-14 12:55:06.680 AM"}
{"level":"http","message":"cde76aa9-bf41-45c1-9f31-1d4d37687bf0 GET /seff-academy/v1.0/jobs/get-job 404 55 18.708 ms","timestamp":"2023-11-14 12:57:41.224 AM"}
{"level":"http","message":"c2c02e85-5752-495e-ada0-7b5f48497e23 GET /seff-academy/v1.0/jobs/get-job/6552a94aea40c4539d7cb675 404 43 0.841 ms","timestamp":"2023-11-14 12:58:03.400 AM"}
{"level":"http","message":"6e39c99a-e1ee-4ce3-92de-88f4600bb152 GET /seff-academy/v1.0/jobs/get-job 404 55 3.187 ms","timestamp":"2023-11-14 12:58:08.915 AM"}
{"level":"http","message":"b4c85cca-e9ec-44fa-8cb7-4763f75d9fb6 DELETE /seff-academy/v1.0/jobs/delete-job/6552a94aea40c4539d7cb675 400 45 1.806 ms","timestamp":"2023-11-14 12:59:48.471 AM"}
{"level":"http","message":"038a0d32-889a-4698-b05c-9d1d89505da8 DELETE /seff-academy/v1.0/jobs/delete-job/6552a94aea40c4539d7cb675 400 45 0.698 ms","timestamp":"2023-11-14 01:00:22.143 AM"}
{"level":"http","message":"753c3b4f-c966-4f83-a648-8a90dd1d1d49 DELETE /seff-academy/v1.0/users/delete-user/6547fc89c5abdc4807128bf8 404 43 14.140 ms","timestamp":"2023-11-14 01:00:41.532 AM"}
{"level":"http","message":"82b8e54c-c722-435a-affe-79e41078dead DELETE /seff-academy/v1.0/jobs/delete-job/6552a94aea40c4539d7cb675 400 45 0.196 ms","timestamp":"2023-11-14 01:01:06.927 AM"}
{"level":"http","message":"f0bfc953-23f9-4c26-bced-0fc6f4b7bfaf PATCH /seff-academy/v1.0/jobs/delete-job/6552a94aea40c4539d7cb675 404 43 0.295 ms","timestamp":"2023-11-14 01:01:11.087 AM"}
{"level":"http","message":"9be95886-5a63-4fa9-834f-1592fa03f564 PATCH /seff-academy/v1.0/jobs/update-job/6552a94aea40c4539d7cb675 400 45 0.210 ms","timestamp":"2023-11-14 01:01:18.920 AM"}
{"level":"http","message":"74fe16a6-42a2-4cb0-8340-2ef2a26a8587 PATCH /seff-academy/v1.0/jobs/update-job/6552a94aea40c4539d7cb675 400 45 2.908 ms","timestamp":"2023-11-14 01:03:02.925 AM"}
{"level":"http","message":"1a3863c3-d57a-47cb-b528-499837bdc827 DELETE /seff-academy/v1.0/jobs/update-job/6552a94aea40c4539d7cb675 404 43 2.601 ms","timestamp":"2023-11-14 01:03:09.778 AM"}
{"level":"http","message":"f88e8c24-9829-4adb-8c61-ccb07a2885fa DELETE /seff-academy/v1.0/jobs/delete-job/6552a94aea40c4539d7cb675 400 45 0.439 ms","timestamp":"2023-11-14 01:03:16.978 AM"}
{"level":"http","message":"7950c666-e967-4dc9-9a2d-5d3b243e9db8 DELETE /seff-academy/v1.0/jobs/delete-job/6552a94aea40c4539d7cb675 400 45 0.451 ms","timestamp":"2023-11-14 01:03:52.329 AM"}
{"level":"http","message":"e16b99a3-d5de-41bb-990e-8e8668167151 DELETE /seff-academy/v1.0/jobs/delete-job/6552a94aea40c4539d7cb675 400 45 5.328 ms","timestamp":"2023-11-14 01:05:16.998 AM"}
{"level":"http","message":"30877f11-1cda-468f-8042-599d22f4ed2f DELETE /seff-academy/v1.0/jobs/update-job/6552a94aea40c4539d7cb675 404 43 3.963 ms","timestamp":"2023-11-14 01:05:23.647 AM"}
{"level":"http","message":"051c1455-e6f4-43ad-a91e-4c283aec39bb DELETE /seff-academy/v1.0/jobs/delete-job/6552a94aea40c4539d7cb675 400 45 2.622 ms","timestamp":"2023-11-14 01:06:43.364 AM"}
{"level":"http","message":"ae4e6b1f-94da-4970-83ac-1cb65df3ed80 DELETE /seff-academy/v1.0/jobs/delete-job/6552a94aea40c4539d7cb675 400 45 3.599 ms","timestamp":"2023-11-14 01:07:14.118 AM"}
{"level":"http","message":"3875d654-8770-4c88-9b3b-07eb0a9527df GET /seff-academy/v1.0/users/get-one/654805a44eb044267862e815 404 43 10.774 ms","timestamp":"2023-11-14 01:07:35.669 AM"}
{"level":"http","message":"6ad27231-d2ad-4b35-824f-734d65a4ce70 PATCH /seff-academy/v1.0/users/update-by-admin/654812ee6c1dcd59f65ec6f7 404 43 127.075 ms","timestamp":"2023-11-14 01:07:42.334 AM"}
{"level":"http","message":"256b0a43-d831-48c8-bc1c-9c05500eb0b4 DELETE /seff-academy/v1.0/jobs/delete-job/6552a94aea40c4539d7cb675 400 45 1.029 ms","timestamp":"2023-11-14 01:07:45.768 AM"}
{"level":"http","message":"c60fe2db-cff0-4787-abef-94164eb93688 DELETE /seff-academy/v1.0/jobs/delete-job/6552a94aea40c4539d7cb675 400 45 0.367 ms","timestamp":"2023-11-14 01:08:13.831 AM"}
{"level":"http","message":"d63881fd-9d06-4914-a592-37421dc72522 DELETE /seff-academy/v1.0/jobs/delete-job/6552a94aea40c4539d7cb675 400 45 0.477 ms","timestamp":"2023-11-14 01:08:36.827 AM"}
{"level":"http","message":"617fea2b-5989-4045-beab-bb2da732f12e DELETE /seff-academy/v1.0/jobs/delete-job/6552a94aea40c4539d7cb675 400 45 0.581 ms","timestamp":"2023-11-14 01:09:04.581 AM"}
{"level":"http","message":"7ef8a39a-04c9-463a-aab1-419267ea2c69 DELETE /seff-academy/v1.0/jobs/update-job/6552a94aea40c4539d7cb675 404 43 1.269 ms","timestamp":"2023-11-14 01:09:11.580 AM"}
{"level":"http","message":"5bbcfad1-ee4e-4fe4-916e-f32b91bf251c PATCH /seff-academy/v1.0/jobs/update-job/6552a94aea40c4539d7cb675 400 45 0.230 ms","timestamp":"2023-11-14 01:09:19.797 AM"}
{"level":"http","message":"652ff4b6-eec8-4d7e-812f-032d2b47de01 PATCH /seff-academy/v1.0/jobs/update-job/6552a94aea40c4539d7cb675 400 45 0.425 ms","timestamp":"2023-11-14 01:20:15.373 AM"}
{"level":"http","message":"eb7f2133-a0b7-419e-86c0-aec6c20da1e7 POST /seff-academy/v1.0/jobs/create-job 200 579 22.248 ms","timestamp":"2023-11-14 01:21:20.041 AM"}
{"level":"http","message":"145edb37-8fb9-46d3-8d19-4d6514d07577 POST /seff-academy/v1.0/jobs/create-job 400 847 4.945 ms","timestamp":"2023-11-14 01:21:56.039 AM"}
{"level":"http","message":"28043ba0-a971-4fc9-8dd1-ec14f938c963 POST /seff-academy/v1.0/jobs/create-job 400 847 2.730 ms","timestamp":"2023-11-14 01:22:12.923 AM"}
{"level":"http","message":"337bc56a-f7a2-4379-9caa-45ddecc2b028 POST /seff-academy/v1.0/jobs/create-job 500 43 25.517 ms","timestamp":"2023-11-14 01:23:49.452 AM"}
{"level":"http","message":"bf548906-e575-487b-a8f4-1d0d7970929f POST /seff-academy/v1.0/jobs/create-job 500 43 21.796 ms","timestamp":"2023-11-14 01:25:38.427 AM"}
{"level":"http","message":"e96a32e1-9a1e-4b6e-86ac-b2aa6ae93ed7 POST /seff-academy/v1.0/jobs/create-job 500 43 31.643 ms","timestamp":"2023-11-14 01:26:20.959 AM"}
{"level":"http","message":"1532186f-1771-4b40-a582-9f7c6ff70a3b POST /seff-academy/v1.0/jobs/create-job 500 43 24.449 ms","timestamp":"2023-11-14 01:26:34.426 AM"}
{"level":"http","message":"b23295a8-c3de-4319-99b3-bab45553ef87 POST /seff-academy/v1.0/jobs/create-job 500 43 132.910 ms","timestamp":"2023-11-14 01:28:03.764 AM"}
{"level":"http","message":"75f185a1-dc1b-4962-b5e3-0799b696bf30 POST /seff-academy/v1.0/jobs/create-job 500 43 4.929 ms","timestamp":"2023-11-14 01:28:05.094 AM"}
{"level":"http","message":"57f8a3ab-8dfa-41c3-9a7c-e798f59eb05e POST /seff-academy/v1.0/jobs/create-job 500 43 24.975 ms","timestamp":"2023-11-14 01:29:27.930 AM"}
{"level":"http","message":"650f29a8-32ec-4310-bb8e-da8a9da29b10 POST /seff-academy/v1.0/jobs/create-job 500 43 20.835 ms","timestamp":"2023-11-14 01:29:50.883 AM"}
{"level":"http","message":"7544ecc2-da81-4e2b-957b-7c813737f6f9 POST /seff-academy/v1.0/jobs/create-job 500 43 24.224 ms","timestamp":"2023-11-14 01:30:59.552 AM"}
{"level":"http","message":"3eecabb3-b7eb-48ab-8bb6-a8792428e8dc POST /seff-academy/v1.0/jobs/create-job 400 247 192.517 ms","timestamp":"2023-11-14 01:34:15.061 AM"}
{"level":"http","message":"175a1014-1a04-4e07-8d26-df13acf02c11 POST /seff-academy/v1.0/jobs/create-job 400 152 149.859 ms","timestamp":"2023-11-14 01:34:31.356 AM"}
{"level":"http","message":"073a8218-20ed-4f68-a8e7-d875a40b7139 POST /seff-academy/v1.0/jobs/create-job 400 152 29.845 ms","timestamp":"2023-11-14 01:35:10.154 AM"}
{"level":"http","message":"e32aa99f-e6c8-4131-a5ba-c523b097a763 POST /seff-academy/v1.0/jobs/create-job 400 152 43.439 ms","timestamp":"2023-11-14 01:35:16.445 AM"}
{"level":"http","message":"6ae147ab-ca14-4233-8327-761cc972ce1b PATCH /seff-academy/v1.0/jobs/update-job/6552a94aea40c4539d7cb675 400 45 2.719 ms","timestamp":"2023-11-14 01:36:48.802 AM"}
{"level":"http","message":"0c43e5b5-75eb-4eea-b442-b6d55be57142 POST /seff-academy/v1.0/jobs/create-job 500 43 14.922 ms","timestamp":"2023-11-14 01:37:17.279 AM"}
{"level":"http","message":"41806290-003a-4bb4-8cda-14761ec06361 POST /seff-academy/v1.0/jobs/create-job 400 152 32.237 ms","timestamp":"2023-11-14 01:37:44.616 AM"}
{"level":"http","message":"ff357e95-aecc-4add-bde7-8d48285458e5 POST /seff-academy/v1.0/jobs/create-job 400 152 300.090 ms","timestamp":"2023-11-14 01:38:22.930 AM"}
{"level":"http","message":"f5a26f11-3974-4377-84c4-2b9f57ab264c PATCH /seff-academy/v1.0/jobs/update-job/6552a94aea40c4539d7cb675 400 45 1.227 ms","timestamp":"2023-11-14 01:38:43.473 AM"}
{"level":"http","message":"73fb615d-661a-43b4-b33c-a77215254076 PATCH /seff-academy/v1.0/jobs/update-job/6552af70faedf1aebc6a7c40 400 45 0.402 ms","timestamp":"2023-11-14 01:38:58.289 AM"}
{"level":"http","message":"c15a3d66-9eae-43bf-994e-4b9e7f370724 PATCH /seff-academy/v1.0/jobs/update-job/6552af70faedf1aebc6a7c40 400 45 2.898 ms","timestamp":"2023-11-14 01:40:10.085 AM"}
{"level":"http","message":"ede0f006-e6f2-44b2-b339-848dc8e55339 PATCH /seff-academy/v1.0/jobs/update-job/6552af70faedf1aebc6a7c40 400 45 2.581 ms","timestamp":"2023-11-14 01:40:28.231 AM"}
{"level":"http","message":"c8e2eae7-4dae-4dbe-aa87-c9bdd443d3d3 DELETE /seff-academy/v1.0/jobs/delete-job/6552af70faedf1aebc6a7c40 400 45 1.489 ms","timestamp":"2023-11-14 01:41:08.589 AM"}
{"level":"http","message":"69678703-ef9f-4837-a660-dbcab6d1ebb4 DELETE /seff-academy/v1.0/jobs/delete-job/6552af70faedf1aebc6a7c40 200 575 33.882 ms","timestamp":"2023-11-14 01:42:17.175 AM"}
{"level":"http","message":"050902d4-c034-471b-85fb-a5f2f7151ea4 PATCH /seff-academy/v1.0/jobs/update-job/6552a94aea40c4539d7cb675 400 847 3.587 ms","timestamp":"2023-11-14 01:42:47.348 AM"}
{"level":"http","message":"dc6f4e7e-38ec-4da3-9534-2a2179516ab9 PATCH /seff-academy/v1.0/jobs/update-job/6552a94aea40c4539d7cb675 400 706 7.340 ms","timestamp":"2023-11-14 01:49:27.439 AM"}
{"level":"http","message":"d9ab6bcc-bce0-4457-b6ff-7dc665480764 GET /seff-academy/v1.0/jobs/get-job 404 55 9.084 ms","timestamp":"2023-11-14 01:50:17.565 AM"}
{"level":"http","message":"7bac8d9e-f1d1-4e97-8095-bd29c47f515d GET /seff-academy/v1.0/jobs/get-job/6552a94aea40c4539d7cb675 404 43 0.966 ms","timestamp":"2023-11-14 01:50:52.558 AM"}
{"level":"http","message":"81c2bd1b-5b62-471b-a952-f951595aca31 GET /seff-academy/v1.0/jobs/get-All-job 404 43 1.179 ms","timestamp":"2023-11-14 01:51:28.154 AM"}
{"level":"http","message":"1c2adcb5-e83f-4180-943e-af589bcabe4f GET /seff-academy/v1.0/jobs/get-all-job 404 43 0.745 ms","timestamp":"2023-11-14 01:51:32.177 AM"}
{"level":"http","message":"a7919a61-d0be-41bf-bc53-965f49f50c6d GET /seff-academy/v1.0/jobs/get-all-jobs 200 516 7.754 ms","timestamp":"2023-11-14 01:51:48.654 AM"}
{"level":"http","message":"e2addb8d-0664-4195-b74a-a510dd9b4ae5 GET /seff-academy/v1.0/jobs/get-job/6552a94aea40c4539d7cb675 200 573 17.773 ms","timestamp":"2023-11-14 01:52:18.613 AM"}
