[2023-11-17 05:54:41] info: New application is Applied: 6556e4017ba45a5154c3cb71 by | 6556da84c45b500030b776f6 
[2023-11-17 05:58:52] info: New application is Applied: 6556e4fc3cf508c34016e95d by | 6556da84c45b500030b776f6 
[2023-11-17 06:05:31] info: certificate 6556e4fc3cf508c34016e95d was updated successfully by | 6556da84c45b500030b776f6
[2023-11-17 06:16:33] info: application  6556e4fc3cf508c34016e95d was deleted successfully by 6556da84c45b500030b776f6
[2023-11-17 08:10:03] info: New application is Applied: 655703bb6ef3cb54a2421e8d by | 65484b07cff9e283011d38f4 
[2023-11-17 08:11:00] info: New application is Applied: 655703f46ef3cb54a2421e8f by | 65484b07cff9e283011d38f4 
[2023-11-17 08:11:04] info: New application is Applied: 655703f86ef3cb54a2421e91 by | 65484b07cff9e283011d38f4 
[2023-11-17 08:17:02] info: image src/uploads//applications/1700201464118--529befb7-39bf-49cb-b874-99adfbcf760f.pdf was successfully deleted
[2023-11-17 08:17:03] info: Application 655703f86ef3cb54a2421e91 was updated successfully by | 65484b07cff9e283011d38f4
[2023-11-17 08:17:23] info: Application 655703f86ef3cb54a2421e91 was updated successfully by | 65484b07cff9e283011d38f4
[2023-11-17 08:19:12] info: Application 655703f86ef3cb54a2421e91 was updated successfully by | 65484b07cff9e283011d38f4
[2023-11-17 08:19:34] info: Application 655703f86ef3cb54a2421e91 was updated successfully by | 65484b07cff9e283011d38f4
[2023-11-17 08:19:54] info: Application 655703f86ef3cb54a2421e91 was updated successfully by | 65484b07cff9e283011d38f4
[2023-11-17 08:20:25] info: Application 655703f86ef3cb54a2421e91 was updated successfully by | 65484b07cff9e283011d38f4
[2023-11-17 08:21:33] info: Application 655703f86ef3cb54a2421e91 was updated successfully by | 65484b07cff9e283011d38f4
[2023-11-17 08:21:41] info: image src/uploads//applications/1700202093243--3ddb7728-a9b4-4c0c-b34c-b0ab25a6ae53.pdf was successfully deleted
[2023-11-17 08:21:41] info: Application 655703f86ef3cb54a2421e91 was updated successfully by | 65484b07cff9e283011d38f4
[2023-11-17 08:22:07] info: image src/uploads//applications/1700202101315--c777b0ad-0c5d-4495-941e-0f7ab3ce8df2.pdf was successfully deleted
[2023-11-17 08:22:07] info: Application 655703f86ef3cb54a2421e91 was updated successfully by | 65484b07cff9e283011d38f4
[2023-11-17 08:22:52] info: image src/uploads//applications/1700202127857--9902902e-4392-43b7-b6b6-6ff4664a808f.pdf was successfully deleted
[2023-11-17 08:22:52] info: application  655703f86ef3cb54a2421e91 was deleted successfully by 65484b07cff9e283011d38f4
[2023-11-17 08:23:22] info: New application is Applied: 655706d931f26b83fd4081d3 by | 65484b07cff9e283011d38f4 
[2023-11-17 08:27:53] info: article Doe 6 | 655707e931f26b83fd4081da | Article was created successfully by user 65484b07cff9e283011d38f4
[2023-11-17 08:28:25] info: article Doe 677 | 65551f239f26a118de33a2af | Article was updated successfully by user 65484b07cff9e283011d38f4
[2023-11-17 08:28:41] info: article Doe 6 | 655707e931f26b83fd4081da | Article was deleted successfully by user 65484b07cff9e283011d38f4
[2023-11-17 08:29:05] info: Created a new certificate with id: 6557083131f26b83fd4081e5 by | 65484b07cff9e283011d38f4 
[2023-11-17 08:29:49] info: Created a new certificate with id: 6557085d31f26b83fd4081e7 by | 65484b07cff9e283011d38f4 
[2023-11-17 08:31:23] info: certificate 6557085d31f26b83fd4081e7 was updated successfully by | 65484b07cff9e283011d38f4
[2023-11-17 08:31:39] info: certificate  6557085d31f26b83fd4081e7 was deleted successfully by 65484b07cff9e283011d38f4
[2023-11-17 08:34:40] info: Created a new course with id: 6557098031f26b83fd4081f5
[2023-11-17 08:34:48] info: Created a new course with id: 6557098831f26b83fd4081f7
[2023-11-17 08:36:06] info: course React js 99 | 65558572c380a4cd976d2f0a was updated successfully by 65484b07cff9e283011d38f4
[2023-11-17 08:37:03] info: course React js 99 | 65558572c380a4cd976d2f0a was updated successfully by 65484b07cff9e283011d38f4
[2023-11-17 08:37:53] info: image src/uploads//courses/1700202880298--63350c48-d531-40b4-b3ca-ce089ccde089.png was successfully deleted
[2023-11-17 08:37:53] info: course mongodb55 | 6557098031f26b83fd4081f5 was deleted successfully by 65484b07cff9e283011d38f4
[2023-11-26 11:50:03] info: image src/uploads/users/1700992110318--6aa6f531-0359-4655-8f5c-0cc2be5524e3.jpg was successfully deleted
[2023-11-26 12:04:02] info: image src/uploads/users/1700992203304--fecf5ee1-e918-4eea-81cc-66f94c034610.jpg was successfully deleted
[2023-11-26 12:22:16] info: image src/uploads/users/1700994059563--b8a8675b-ad72-44de-ba1b-c46b3e37511a.jpg was successfully deleted
[2023-11-26 12:26:24] info: image src/uploads/users/1700994357371--858f9253-ec43-4605-867e-29bbe4c5b7dd.jpg was successfully deleted
[2023-11-26 12:28:28] info: image src/uploads/users/1700994482187--86b0d4aa-bc72-451a-96be-9ec89bc97345.jpg was successfully deleted
[2023-11-26 12:35:59] info: image src/uploads/users/1700994774441--4a3dceb5-faaa-41fc-bc7d-65b8177da8ee.jpg was successfully deleted
[2023-11-26 12:36:08] info: image src/uploads/users/1700994959380--0367125e-1916-4e13-ae6a-3453b29ab977.jpg was successfully deleted
[2023-11-26 12:36:26] info: image src/uploads/users/1700994968385--992a2d77-fbf2-4013-8288-ed6829c86588.jpg was successfully deleted
[2023-11-26 12:38:37] info: image src/uploads/users/1700995112564--578b2a79-465d-4a7b-839a-835b5b3beca1.jpg was successfully deleted
[2023-11-26 12:40:15] info: image src/uploads/users/1700995117936--3ba1ba13-12a0-4d6c-b49a-a7cec51ceca8.jpg was successfully deleted
[2023-11-26 12:43:42] info: image src/uploads/users/1700995213364--b4ed14d6-5864-4d73-806e-d530072863ff.jpg was successfully deleted
[2023-11-26 16:09:25] info: Image src/uploads/users/1701007756238--40692249-0736-4074-abf7-5ce713aed17c.jpg was successfully deleted
[2023-11-30 01:46:27] info: article hiiii | 6567cd536894f51bcebab23a | Article was created successfully by user 654cfa3cdb8cd54ababcb01f
[2023-11-30 01:46:31] info: article hiiii | 6567cd576894f51bcebab23c | Article was created successfully by user 654cfa3cdb8cd54ababcb01f
[2023-11-30 01:46:33] info: article hiiii | 6567cd596894f51bcebab23e | Article was created successfully by user 654cfa3cdb8cd54ababcb01f
[2023-11-30 02:12:02] info: article kkk | 6567d35235a17dd9a604a243 | Article was created successfully by user 654cfa3cdb8cd54ababcb01f
[2023-11-30 02:13:15] info: article kkkkk | 6567d39b35a17dd9a604a245 | Article was created successfully by user 654cfa3cdb8cd54ababcb01f
[2023-12-01 11:08:58] info: article tttttt | 6569a2a9750e3dba41d0c146 | Article was created successfully by user 654cfa3cdb8cd54ababcb01f
[2023-12-01 11:12:46] info: article rrrrrr | 6569a38e750e3dba41d0c148 | Article was created successfully by user 654cfa3cdb8cd54ababcb01f
[2023-12-01 11:15:01] info: article rrr | 6569a415750e3dba41d0c14a | Article was created successfully by user 654cfa3cdb8cd54ababcb01f
[2023-12-01 11:19:42] info: article yyyy | 6569a52e750e3dba41d0c14c | Article was created successfully by user 654cfa3cdb8cd54ababcb01f
[2023-12-01 16:34:28] info: article rrrr | 6569eef4aa0b573a833c4486 | Article was created successfully by user 654cfa3cdb8cd54ababcb01f
[2023-12-01 22:57:18] info: Image src/uploads/users/1701464211947--0a357215-4030-46a3-a0a1-2718974fccad.png was successfully deleted
[2023-12-04 02:37:46] info: article rrrrrr | 6569a38e750e3dba41d0c148 | Article was deleted successfully by user 654cfa3cdb8cd54ababcb01f
[2023-12-04 02:37:49] info: article hiiii | 6567cd596894f51bcebab23e | Article was deleted successfully by user 654cfa3cdb8cd54ababcb01f
[2023-12-04 02:38:24] info: article rrrr | 6569eef4aa0b573a833c4486 | Article was deleted successfully by user 654cfa3cdb8cd54ababcb01f
[2023-12-04 12:42:29] info: article rrrrrrrrrrrrr | 656dad156410a795bd2c4f06 | Article was created successfully by user 654cfa3cdb8cd54ababcb01f
[2023-12-04 12:58:26] info: article roro | 656db0d25b3a4d86e40907d3 | Article was created successfully by user 654cfa3cdb8cd54ababcb01f
[2023-12-04 12:58:36] info: article rrrrrrrrrrrrr | 656dad156410a795bd2c4f06 | Article was deleted successfully by user 654cfa3cdb8cd54ababcb01f
[2023-12-04 12:58:37] info: article yyyy | 6569a52e750e3dba41d0c14c | Article was deleted successfully by user 654cfa3cdb8cd54ababcb01f
[2023-12-04 12:58:38] info: article rrr | 6569a415750e3dba41d0c14a | Article was deleted successfully by user 654cfa3cdb8cd54ababcb01f
[2023-12-04 12:58:38] info: article tttttt | 6569a2a9750e3dba41d0c146 | Article was deleted successfully by user 654cfa3cdb8cd54ababcb01f
[2023-12-04 14:13:33] info: article roro | 656dc26dde8039390fbc4fe2 | Article was created successfully by user 654cfa3cdb8cd54ababcb01f
[2023-12-04 14:14:56] info: article hiiii | 6567cd536894f51bcebab23a | Article was deleted successfully by user 654cfa3cdb8cd54ababcb01f
[2023-12-04 14:14:58] info: article hiiii | 6567cd576894f51bcebab23c | Article was deleted successfully by user 654cfa3cdb8cd54ababcb01f
[2023-12-04 14:14:59] info: article kkk | 6567d35235a17dd9a604a243 | Article was deleted successfully by user 654cfa3cdb8cd54ababcb01f
[2023-12-04 14:16:23] info: article roro | 656dc31745d451a2397a3a30 | Article was created successfully by user 654cfa3cdb8cd54ababcb01f
[2023-12-04 14:53:31] info: article rrrr | 656dcbcb77a08fc6267cc534 | Article was created successfully by user 654cfa3cdb8cd54ababcb01f
[2023-12-04 17:54:32] info: article ccc | 656df6388cd95d14c01a6c41 | Article was created successfully by user 654cfa3cdb8cd54ababcb01f
[2023-12-06 00:05:33] info: article rrr | 656f9eadc83731cc04697779 | Article was created successfully by user 654cfa3cdb8cd54ababcb01f
[2023-12-06 00:05:39] info: article rrr | 656f9eadc83731cc04697779 | Article was deleted successfully by user 654cfa3cdb8cd54ababcb01f
[2023-12-06 00:05:42] info: article kkkkk | 6567d39b35a17dd9a604a245 | Article was deleted successfully by user 654cfa3cdb8cd54ababcb01f
[2023-12-06 18:40:19] info: article roro | 656db0d25b3a4d86e40907d3 | Article was deleted successfully by user 654cfa3cdb8cd54ababcb01f
[2023-12-06 18:40:19] info: article roro | 656dc26dde8039390fbc4fe2 | Article was deleted successfully by user 654cfa3cdb8cd54ababcb01f
[2023-12-06 18:40:20] info: article roro | 656dc31745d451a2397a3a30 | Article was deleted successfully by user 654cfa3cdb8cd54ababcb01f
[2023-12-06 18:40:20] info: article rrrr | 656dcbcb77a08fc6267cc534 | Article was deleted successfully by user 654cfa3cdb8cd54ababcb01f
[2023-12-06 18:40:21] info: article ccc | 656df6388cd95d14c01a6c41 | Article was deleted successfully by user 654cfa3cdb8cd54ababcb01f
[2023-12-06 18:40:45] info: article rwan | 6570a40c730f28abfc45a863 | Article was created successfully by user 654cfa3cdb8cd54ababcb01f
[2023-12-07 01:16:22] info: Image src/uploads//jobs/1701904075869--9328584a-92af-49b6-92d7-d5f9e6c062b3.png was successfully deleted
[2023-12-07 01:35:40] info: article rwan roro | 6570a40c730f28abfc45a863 | Article was updated successfully by user 654cfa3cdb8cd54ababcb01f
[2023-12-07 01:38:21] info: article rwan | 6570a40c730f28abfc45a863 | Article was updated successfully by user 654cfa3cdb8cd54ababcb01f
[2023-12-07 01:40:36] info: Image src/uploads//articles/1701880844276--85d4d9e0-e863-4e99-88f2-72b3972754e7.png was successfully deleted
[2023-12-07 01:40:36] info: article rwan | 6570a40c730f28abfc45a863 | Article was updated successfully by user 654cfa3cdb8cd54ababcb01f
[2023-12-07 02:03:59] info: article rwan | 6570a40c730f28abfc45a863 | Article was updated successfully by user 654cfa3cdb8cd54ababcb01f
[2023-12-07 02:54:31] info: Image src/uploads//jobs/1701909042893--d5fb4d4e-76cb-49e5-94ed-0bf32d52307e.png was successfully deleted
[2023-12-07 02:54:45] info: article rwan | 6570a40c730f28abfc45a863 | Article was updated successfully by user 654cfa3cdb8cd54ababcb01f
[2023-12-07 02:55:17] info: Image src/uploads//articles/1701906036419--48fbd966-df09-4fd4-af8c-0c838bfd478b.png was successfully deleted
[2023-12-07 02:55:17] info: article dina | 6570a40c730f28abfc45a863 | Article was updated successfully by user 654cfa3cdb8cd54ababcb01f
[2023-12-07 21:57:27] info: article hiiii | 657223a74bd39e5d5a1b939c | Article was created successfully by user 654cfa3cdb8cd54ababcb01f
[2023-12-07 21:57:28] info: article hiiii | 657223a84bd39e5d5a1b939e | Article was created successfully by user 654cfa3cdb8cd54ababcb01f
[2023-12-07 21:57:29] info: article hiiii | 657223a94bd39e5d5a1b93a0 | Article was created successfully by user 654cfa3cdb8cd54ababcb01f
[2023-12-07 21:57:30] info: article hiiii | 657223aa4bd39e5d5a1b93a2 | Article was created successfully by user 654cfa3cdb8cd54ababcb01f
[2023-12-07 21:57:31] info: article hiiii | 657223ab4bd39e5d5a1b93a4 | Article was created successfully by user 654cfa3cdb8cd54ababcb01f
[2023-12-07 21:57:31] info: article hiiii | 657223ab4bd39e5d5a1b93a6 | Article was created successfully by user 654cfa3cdb8cd54ababcb01f
[2023-12-07 21:57:49] info: article hiiii | 657223bd4bd39e5d5a1b93ae | Article was created successfully by user 654cfa3cdb8cd54ababcb01f
[2023-12-07 21:57:50] info: article hiiii | 657223be4bd39e5d5a1b93b0 | Article was created successfully by user 654cfa3cdb8cd54ababcb01f
[2023-12-07 21:57:50] info: article hiiii | 657223be4bd39e5d5a1b93b2 | Article was created successfully by user 654cfa3cdb8cd54ababcb01f
