{"level":"http","message":"0ed6eda0-779e-4e77-ad4d-a39e67985bf7 POST /seff-academy/v1.0/auth/login 400 135 3.234 ms","timestamp":"2023-11-05 05:51:31.936 PM"}
{"level":"http","message":"8f2ec76d-89aa-4cc4-a3b0-c56aa4b8c72d POST /seff-academy/v1.0/auth/login 400 83 1.075 ms","timestamp":"2023-11-05 05:52:05.594 PM"}
{"level":"http","message":"a447d82f-b39c-4277-8557-e7752f659a46 POST /seff-academy/v1.0/auth/login 500 43 1259.655 ms","timestamp":"2023-11-05 05:52:42.614 PM"}
{"level":"http","message":"8ce67130-ef4c-4fef-a8d5-a08b32b5d630 POST /seff-academy/v1.0/auth/login 404 43 11.041 ms","timestamp":"2023-11-05 05:53:37.931 PM"}
{"level":"http","message":"9700d1f4-54d5-46f3-bbcd-1b25593d60d7 POST /seff-academy/v1.0/auth/register 404 43 3.051 ms","timestamp":"2023-11-05 05:55:29.715 PM"}
{"level":"http","message":"921a6600-0576-4e8c-bdb5-268afa9bbceb POST /seff-academy/v1.0/auth/register 500 43 84.479 ms","timestamp":"2023-11-05 05:58:20.502 PM"}
{"level":"http","message":"3878cbbc-de9f-470d-97af-99fa07ead60e POST /seff-academy/v1.0/auth/register 201 72 397.806 ms","timestamp":"2023-11-05 05:58:54.987 PM"}
{"level":"http","message":"532abae8-7173-421a-91cb-e0f1c3b3e3a6 POST //seff-academy/v1.0/auth/regsiter 404 43 76.273 ms","timestamp":"2023-11-05 10:31:33.495 PM"}
{"level":"http","message":"ba73dd36-5907-4ad1-90de-55d0b3aea76e POST //seff-academy/v1.0/auth/regsiter 404 43 0.500 ms","timestamp":"2023-11-05 10:32:50.926 PM"}
{"level":"http","message":"809f349f-f8e2-400a-b1ab-49380e671f28 POST //seff-academy/v1.0/auth/register 404 43 0.391 ms","timestamp":"2023-11-05 10:33:31.465 PM"}
{"level":"http","message":"0ffc32dd-0ecc-4efe-a3ef-260f99082b21 GET //seff-academy/v1.0/auth/register 404 43 0.263 ms","timestamp":"2023-11-05 10:33:55.466 PM"}
{"level":"http","message":"2a1ae269-761e-4915-a4f8-92a479646deb POST /seff-academy/v1.0/auth/register 400 199 283.660 ms","timestamp":"2023-11-05 10:35:00.143 PM"}
{"level":"http","message":"9a37c734-0a88-44e6-b9b2-8930a8a04051 POST /seff-academy/v1.0/auth/register 201 72 452.061 ms","timestamp":"2023-11-05 10:35:22.042 PM"}
{"level":"http","message":"e8107233-52ef-4498-a875-d28d2b8e6a36 POST /seff-academy/v1.0/auth/login 200 328 458.147 ms","timestamp":"2023-11-05 10:36:08.913 PM"}
{"level":"http","message":"3b37eee9-855b-4ca1-8fe3-28d78c0d8912 POST /seff-academy/v1.0/auth/logout 200 16 0.454 ms","timestamp":"2023-11-05 10:37:09.449 PM"}
{"level":"http","message":"244cf072-6234-4ec2-9827-ee0f07869d19 POST /seff-academy/v1.0/auth/refresh-access-token 401 45 3.137 ms","timestamp":"2023-11-05 10:38:08.251 PM"}
{"level":"http","message":"034657b9-2700-43b5-890b-d1af5f47a63e POST /seff-academy/v1.0/auth/login 200 328 92.313 ms","timestamp":"2023-11-05 10:38:12.652 PM"}
{"level":"http","message":"d04b041c-f411-4cff-98d7-421fa1663b89 POST /seff-academy/v1.0/auth/refresh-access-token 500 43 33.552 ms","timestamp":"2023-11-05 10:38:14.670 PM"}
{"level":"http","message":"a169e10c-238a-4b8c-9ab8-89545a450987 POST /seff-academy/v1.0/auth/refresh-access-token 200 16 49.586 ms","timestamp":"2023-11-05 10:38:49.928 PM"}
{"level":"http","message":"0e032696-4f12-4608-a792-ca4d45a66123 POST /seff-academy/v1.0/auth/logout 200 16 0.939 ms","timestamp":"2023-11-05 10:38:59.154 PM"}
{"level":"http","message":"76533e6a-3ea0-4357-8202-8dadeb7d399b POST /seff-academy/v1.0/auth/logout 200 16 0.524 ms","timestamp":"2023-11-05 10:39:02.972 PM"}
{"level":"http","message":"6cfb0f08-04cf-4798-b9f4-ed113b7d82e0 POST /seff-academy/v1.0/auth/refresh-access-token 401 45 0.446 ms","timestamp":"2023-11-05 10:39:03.921 PM"}
{"level":"http","message":"789ed008-9d04-4a94-a642-82e3fa3517a1 GET /seff-academy/v1.0/users/get-all 401 45 5.057 ms","timestamp":"2023-11-05 11:11:55.657 PM"}
{"level":"http","message":"2eb13354-8edd-47a4-b6ca-b64b97a8029b POST /seff-academy/v1.0/auth/login 200 328 268.339 ms","timestamp":"2023-11-05 11:12:06.227 PM"}
{"level":"http","message":"2f52e062-9aa5-4f96-b74c-8fff863e4670 GET /seff-academy/v1.0/users/get-all 403 108 2.816 ms","timestamp":"2023-11-05 11:12:09.467 PM"}
{"level":"http","message":"0110d866-aae7-47f2-8a82-efbd2f6ca2b5 POST /seff-academy/v1.0/auth/login 200 326 79.994 ms","timestamp":"2023-11-05 11:13:00.888 PM"}
{"level":"http","message":"6421f93c-c0cf-4e12-acd9-73e414c2a51f GET /seff-academy/v1.0/users/get-all 200 383 289.461 ms","timestamp":"2023-11-05 11:13:06.594 PM"}
{"level":"http","message":"231fbea4-1e54-4d38-b513-69b9eb680dc3 POST /seff-academy/v1.0/auth/register 400 52 21.025 ms","timestamp":"2023-11-05 11:13:37.966 PM"}
{"level":"http","message":"b2887447-ae86-4fe2-b0c2-04e7eb3d68d9 POST /seff-academy/v1.0/auth/register 201 72 232.006 ms","timestamp":"2023-11-05 11:14:12.318 PM"}
{"level":"http","message":"e42d8233-dce6-42b7-9ba5-95bdfee9a5cc GET /seff-academy/v1.0/users/get-all 200 686 47.168 ms","timestamp":"2023-11-05 11:14:27.947 PM"}
{"level":"http","message":"6bf4f05b-94a8-4db0-b64c-0078fef03ef2 GET /seff-academy/v1.0/users/get-all 200 686 7.466 ms","timestamp":"2023-11-05 11:15:22.867 PM"}
{"level":"http","message":"6462d142-5362-4d11-9f29-ca42ac36bde6 GET /seff-academy/v1.0/users/get-one/654805a44eb044267862e815 200 326 17.186 ms","timestamp":"2023-11-05 11:15:29.436 PM"}
{"level":"http","message":"67c6d03e-5683-471a-8ceb-746617c181ad POST /seff-academy/v1.0/users/create-by-admin 400 429 2.498 ms","timestamp":"2023-11-05 11:16:26.007 PM"}
{"level":"http","message":"5aec57d3-7ddb-4bc7-a0e3-a7410baf4815 POST /seff-academy/v1.0/users/create-by-admin 400 77 1.889 ms","timestamp":"2023-11-05 11:18:01.943 PM"}
{"level":"http","message":"adf11ada-03f9-4f8e-a014-c14394babb7b POST /seff-academy/v1.0/users/create-by-admin 201 367 290.013 ms","timestamp":"2023-11-05 11:18:38.587 PM"}
{"level":"http","message":"48c3bbc0-371b-4dcd-a013-5ec8da52da11 POST /seff-academy/v1.0/users/update-by-admin/654806ae578fec93e707a439 404 43 22.882 ms","timestamp":"2023-11-05 11:19:42.589 PM"}
{"level":"http","message":"c5ff956f-f28f-49f4-9c6a-1a8adcd3d907 PATCH /seff-academy/v1.0/users/update-by-admin/654806ae578fec93e707a439 500 43 131.091 ms","timestamp":"2023-11-05 11:20:02.286 PM"}
{"level":"http","message":"6d7a1fb7-8a42-4dff-bf15-57bd887643d9 PATCH /seff-academy/v1.0/users/update-by-admin/654806ae578fec93e707a439 200 370 423.052 ms","timestamp":"2023-11-05 11:21:20.758 PM"}
{"level":"http","message":"9ac81560-9aeb-4a85-934f-09307803fc8b GET /seff-academy/v1.0/users/get-all 401 45 32.450 ms","timestamp":"2023-11-06 12:07:54.210 AM"}
{"level":"http","message":"0feed7a1-48e3-4f4c-bef0-05cec46d8f0a POST /seff-academy/v1.0/auth/login 200 326 256.854 ms","timestamp":"2023-11-06 12:08:00.565 AM"}
{"level":"http","message":"ae240cb0-d4f4-4e64-80f7-3a71d2da673c GET /seff-academy/v1.0/users/get-all 200 1033 28.250 ms","timestamp":"2023-11-06 12:08:04.783 AM"}
{"level":"http","message":"bd76c647-e2dd-4fd3-a1e0-ff26d49f37b2 GET /seff-academy/v1.0/users/get-one/654805a44eb044267862e815 200 326 18.424 ms","timestamp":"2023-11-06 12:10:04.944 AM"}
{"level":"http","message":"7900673d-17dc-4f33-9f53-530935c35049 POST /seff-academy/v1.0/users/create-by-admin 400 133 6.215 ms","timestamp":"2023-11-06 12:10:21.838 AM"}
{"level":"http","message":"ce4e6c6c-5be7-47a2-8c06-54bc553312aa POST /seff-academy/v1.0/users/create-by-admin 400 58 34.725 ms","timestamp":"2023-11-06 12:10:39.377 AM"}
{"level":"http","message":"0c459c70-5d3b-4c3f-ab62-60134164e746 POST /seff-academy/v1.0/users/create-by-admin 400 64 8.108 ms","timestamp":"2023-11-06 12:10:48.760 AM"}
{"level":"http","message":"e29251ce-d6b0-465f-be6c-924e18f69455 POST /seff-academy/v1.0/users/create-by-admin 201 367 152.810 ms","timestamp":"2023-11-06 12:10:54.774 AM"}
{"level":"http","message":"bd4bf518-c292-4d31-bf42-829059faa6e1 POST /seff-academy/v1.0/users/update-by-admin/654806ae578fec93e707a439 404 43 17.643 ms","timestamp":"2023-11-06 12:11:26.612 AM"}
{"level":"http","message":"8425aa53-3cf5-4313-b047-c1f0d950b651 PATCH /seff-academy/v1.0/users/update-by-admin/654806ae578fec93e707a439 400 59 9.045 ms","timestamp":"2023-11-06 12:11:32.899 AM"}
{"level":"http","message":"b3d3c27c-4d09-4eab-a5c8-6b13c1cde669 PATCH /seff-academy/v1.0/users/update-by-admin/654812ee6c1dcd59f65ec6f7 200 371 155.523 ms","timestamp":"2023-11-06 12:12:51.838 AM"}
{"level":"http","message":"0fda36ac-3ccb-41ef-b2df-feaf319ab986 PATCH /seff-academy/v1.0/users/update-profile 404 43 1.257 ms","timestamp":"2023-11-06 12:14:59.893 AM"}
{"level":"http","message":"eb67e622-e1f7-4e99-89f7-be6945ba8a1f PATCH /seff-academy/v1.0/users/update-profile 400 153 30.659 ms","timestamp":"2023-11-06 12:15:38.037 AM"}
{"level":"http","message":"25bb1f9a-faa5-4b78-8844-e850b0ea7ace PATCH /seff-academy/v1.0/users/update-profile/654812ee6c1dcd59f65ec6f7 403 60 24.747 ms","timestamp":"2023-11-06 12:17:29.243 AM"}
{"level":"http","message":"e6bf984e-9840-4540-89d8-a44b32fd1f3d POST /seff-academy/v1.0/auth/login 200 326 129.156 ms","timestamp":"2023-11-06 12:17:42.473 AM"}
{"level":"http","message":"ec336502-003a-46e8-b39d-f55f6b2f9b26 PATCH /seff-academy/v1.0/users/update-profile/6547fc89c5abdc4807128bf8 400 64 13.348 ms","timestamp":"2023-11-06 12:17:52.224 AM"}
{"level":"http","message":"665b79e1-f28b-4ab9-8794-7eb53bf6328e PATCH /seff-academy/v1.0/users/update-profile/6547fc89c5abdc4807128bf8 400 64 53.673 ms","timestamp":"2023-11-06 12:18:43.298 AM"}
{"level":"http","message":"3ea498d1-f87c-4f23-aaf1-ce33f7c573dd PATCH /seff-academy/v1.0/users/update-profile/6547fc89c5abdc4807128bf8 500 43 71.459 ms","timestamp":"2023-11-06 12:19:30.514 AM"}
{"level":"http","message":"6756fa02-0902-4709-afe6-f322ba20f639 PATCH /seff-academy/v1.0/users/update-profile/6547fc89c5abdc4807128bf8 200 429 75.231 ms","timestamp":"2023-11-06 12:20:39.782 AM"}
{"level":"http","message":"b3c905cb-cb61-4124-96a1-6a28fb79ddf5 PATCH /seff-academy/v1.0/users/update-profile/6547fc89c5abdc4807128bf8 200 429 40.961 ms","timestamp":"2023-11-06 12:21:02.273 AM"}
{"level":"http","message":"0893475c-a879-488a-b088-c3663f2d1220 PATCH /seff-academy/v1.0/users/update-profile/6547fc89c5abdc4807128bf8 500 43 17.731 ms","timestamp":"2023-11-06 12:21:42.270 AM"}
{"level":"http","message":"3b7210f3-e307-49aa-a26a-35634942b023 PATCH /seff-academy/v1.0/users/update-profile/6547fc89c5abdc4807128bf8 400 64 114.187 ms","timestamp":"2023-11-06 12:22:16.131 AM"}
{"level":"http","message":"3efa6af8-a58f-4c63-bc9b-c50509bc469d PATCH /seff-academy/v1.0/users/update-profile/6547fc89c5abdc4807128bf8 200 457 35.321 ms","timestamp":"2023-11-06 12:22:21.443 AM"}
{"level":"http","message":"db603e12-1de8-4415-ac16-e7ccdb585dd1 PATCH /seff-academy/v1.0/users/update-profile/6547fc89c5abdc4807128bf8 200 457 28.397 ms","timestamp":"2023-11-06 12:23:30.411 AM"}
{"level":"http","message":"4c5d3a62-78a7-4ca6-9b7b-ca75b4f7b84c PATCH /seff-academy/v1.0/users/update-profile/6547fc89c5abdc4807128bf8 200 457 24.513 ms","timestamp":"2023-11-06 12:24:00.805 AM"}
{"level":"http","message":"aed803d7-492e-442d-bb99-a681d84eaddb PATCH /seff-academy/v1.0/users/update-profile/6547fc89c5abdc4807128bf8 200 457 49.197 ms","timestamp":"2023-11-06 12:24:06.505 AM"}
{"level":"http","message":"8bdec2cc-f414-4c03-9abb-c62432faa872 PATCH /seff-academy/v1.0/users/update-profile/6547fc89c5abdc4807128bf8 200 457 22.157 ms","timestamp":"2023-11-06 12:24:11.959 AM"}
{"level":"http","message":"0ccb89b7-4065-41a8-9c2f-ea90e2edab81 DELETE /seff-academy/v1.0/users/delete-user/6547fc89c5abdc4807128bf8 200 50 13.919 ms","timestamp":"2023-11-06 12:24:51.337 AM"}
{"level":"http","message":"ca0ec28e-53b2-48c5-a873-ece962c97e60 DELETE /seff-academy/v1.0/users/delete-user/6547fc89c5abdc4807128bf8 404 43 10.466 ms","timestamp":"2023-11-06 12:24:56.130 AM"}
{"level":"http","message":"1fa779ee-3f3e-4029-b01d-4a54fa38ee84 GET /seff-academy/v1.0/users/current-user 404 43 1.503 ms","timestamp":"2023-11-06 12:25:23.751 AM"}
{"level":"http","message":"1995bc0c-5743-40f8-ac45-3092f6d15c51 POST /seff-academy/v1.0/users/current-user 404 43 8.278 ms","timestamp":"2023-11-06 12:25:37.470 AM"}
{"level":"http","message":"aec1a158-331b-44f8-a5e0-55718724a1f8 POST /seff-academy/v1.0/auth/login 404 43 4.954 ms","timestamp":"2023-11-06 12:25:42.849 AM"}
{"level":"http","message":"50409266-adeb-4a8f-8fa6-96baea2e68bc POST /seff-academy/v1.0/auth/login 200 324 118.453 ms","timestamp":"2023-11-06 12:26:20.519 AM"}
{"level":"http","message":"a81d2775-8502-4c8d-b43a-5d36bf5fad1a GET /seff-academy/v1.0/users/get-one/654805a44eb044267862e815 200 324 6.076 ms","timestamp":"2023-11-06 12:26:26.107 AM"}
{"level":"http","message":"545fa0f3-f206-4bad-81c0-bedff43d9506 GET /seff-academy/v1.0/users/get-all 200 1076 185.170 ms","timestamp":"2023-11-06 12:49:46.432 AM"}
{"level":"http","message":"456706a2-45ff-41f6-8abb-802f3bdb42e8 POST /seff-academy/v1.0/auth/login 400 135 6.369 ms","timestamp":"2023-11-06 12:52:38.802 AM"}
{"level":"http","message":"53616e78-ca15-4ea7-a9b7-e3d4ffeba8ac POST /seff-academy/v1.0/auth/login 400 83 2.519 ms","timestamp":"2023-11-06 12:52:56.941 AM"}
{"level":"http","message":"f10c6c9d-03b4-4de7-a0c8-11f7fb291fb4 GET / 500 43 22.107 ms","timestamp":"2023-11-06 12:55:00.726 AM"}
{"level":"http","message":"c9081573-8722-45bf-869a-6d1f5a4f12bc GET /jklkl 404 43 4.350 ms","timestamp":"2023-11-06 01:00:15.311 AM"}
{"level":"http","message":"68ab643c-d925-43d5-87d5-615702ec8cdf POST /seff-academy/v1.0/auth/login 200 324 286.178 ms","timestamp":"2023-11-06 01:03:23.372 AM"}
